<?xml version="1.0" encoding="UTF-8"?>
<testng-results skipped="0" failed="0" total="2" passed="2">
  <reporter-output>
  </reporter-output>
  <suite name="jenkinstest.PalindromeTest" duration-ms="25" started-at="2014-06-27T11:18:11Z" finished-at="2014-06-27T11:18:11Z">
    <groups>
    </groups>
    <test name="Command line test" duration-ms="25" started-at="2014-06-27T11:18:11Z" finished-at="2014-06-27T11:18:11Z">
      <class name="jenkinstest.PalindromeTest">
        <test-method status="PASS" signature="isNoPalindromeTest()[pri:0, instance:jenkinstest.PalindromeTest@22760f48]" name="isNoPalindromeTest" duration-ms="11" started-at="2014-06-27T13:18:11Z" finished-at="2014-06-27T13:18:11Z">
          <reporter-output>
          </reporter-output>
        </test-method> <!-- isNoPalindromeTest -->
        <test-method status="PASS" signature="isPalindromeTest()[pri:0, instance:jenkinstest.PalindromeTest@22760f48]" name="isPalindromeTest" duration-ms="0" started-at="2014-06-27T13:18:11Z" finished-at="2014-06-27T13:18:11Z">
          <reporter-output>
          </reporter-output>
        </test-method> <!-- isPalindromeTest -->
      </class> <!-- jenkinstest.PalindromeTest -->
    </test> <!-- Command line test -->
  </suite> <!-- jenkinstest.PalindromeTest -->
</testng-results>
